MSBuild version 17.8.32+74df0b3f5 for .NET
  Determining projects to restore...
  Restored /tmp/gh-issue-solver-1758780000593/Bruteforce/Bruteforce.csproj (in 2.89 sec).
/tmp/gh-issue-solver-1758780000593/Bruteforce/TorrentWrapper/BEncoding/BEncodedList.cs(200,26): warning CS8765: Nullability of type of parameter 'obj' doesn't match overridden member (possibly because of nullability attributes). [/tmp/gh-issue-solver-1758780000593/Bruteforce/Bruteforce.csproj]
/tmp/gh-issue-solver-1758780000593/Bruteforce/TorrentWrapper/BEncoding/BEncodedNumber.cs(171,26): warning CS8765: Nullability of type of parameter 'obj' doesn't match overridden member (possibly because of nullability attributes). [/tmp/gh-issue-solver-1758780000593/Bruteforce/Bruteforce.csproj]
/tmp/gh-issue-solver-1758780000593/Bruteforce/TorrentWrapper/BEncoding/BEncodedNumber.cs(55,16): warning CS8767: Nullability of reference types in type of parameter 'other' of 'int BEncodedNumber.CompareTo(BEncodedNumber other)' doesn't match implicitly implemented member 'int IComparable<BEncodedNumber>.CompareTo(BEncodedNumber? other)' (possibly because of nullability attributes). [/tmp/gh-issue-solver-1758780000593/Bruteforce/Bruteforce.csproj]
/tmp/gh-issue-solver-1758780000593/Bruteforce/TorrentWrapper/BEncoding/BEncodedString.cs(215,26): warning CS8765: Nullability of type of parameter 'obj' doesn't match overridden member (possibly because of nullability attributes). [/tmp/gh-issue-solver-1758780000593/Bruteforce/Bruteforce.csproj]
/tmp/gh-issue-solver-1758780000593/Bruteforce/TorrentWrapper/BEncoding/BEncodedString.cs(90,16): warning CS8767: Nullability of reference types in type of parameter 'other' of 'int BEncodedString.CompareTo(BEncodedString other)' doesn't match implicitly implemented member 'int IComparable<BEncodedString>.CompareTo(BEncodedString? other)' (possibly because of nullability attributes). [/tmp/gh-issue-solver-1758780000593/Bruteforce/Bruteforce.csproj]
/tmp/gh-issue-solver-1758780000593/Bruteforce/TorrentWrapper/TorrentInfo.cs(168,26): warning CS8600: Converting null literal or possible null value to non-nullable type. [/tmp/gh-issue-solver-1758780000593/Bruteforce/Bruteforce.csproj]
/tmp/gh-issue-solver-1758780000593/Bruteforce/TorrentWrapper/TorrentInfo.cs(169,28): warning CS8600: Converting null literal or possible null value to non-nullable type. [/tmp/gh-issue-solver-1758780000593/Bruteforce/Bruteforce.csproj]
/tmp/gh-issue-solver-1758780000593/Bruteforce/TorrentWrapper/TorrentInfo.cs(191,23): warning CS8625: Cannot convert null literal to non-nullable reference type. [/tmp/gh-issue-solver-1758780000593/Bruteforce/Bruteforce.csproj]
/tmp/gh-issue-solver-1758780000593/Bruteforce/TorrentWrapper/TorrentInfo.cs(204,23): warning CS8600: Converting null literal or possible null value to non-nullable type. [/tmp/gh-issue-solver-1758780000593/Bruteforce/Bruteforce.csproj]
/tmp/gh-issue-solver-1758780000593/Bruteforce/TorrentWrapper/TorrentInfo.cs(206,17): warning CS8602: Dereference of a possibly null reference. [/tmp/gh-issue-solver-1758780000593/Bruteforce/Bruteforce.csproj]
/tmp/gh-issue-solver-1758780000593/Bruteforce/TorrentWrapper/TorrentInfo.cs(209,24): warning CS8600: Converting null literal or possible null value to non-nullable type. [/tmp/gh-issue-solver-1758780000593/Bruteforce/Bruteforce.csproj]
/tmp/gh-issue-solver-1758780000593/Bruteforce/TorrentWrapper/TorrentInfo.cs(212,21): warning CS8602: Dereference of a possibly null reference. [/tmp/gh-issue-solver-1758780000593/Bruteforce/Bruteforce.csproj]
/tmp/gh-issue-solver-1758780000593/Bruteforce/TorrentWrapper/TorrentInfo.cs(259,36): warning CS8600: Converting null literal or possible null value to non-nullable type. [/tmp/gh-issue-solver-1758780000593/Bruteforce/Bruteforce.csproj]
/tmp/gh-issue-solver-1758780000593/Bruteforce/TorrentWrapper/TorrentInfo.cs(261,61): warning CS8604: Possible null reference argument for parameter 'md5Hash' in 'TorrentFileInfo.TorrentFileInfo(string filePath, string md5Hash, long length)'. [/tmp/gh-issue-solver-1758780000593/Bruteforce/Bruteforce.csproj]
/tmp/gh-issue-solver-1758780000593/Bruteforce/TorrentWrapper/TorrentInfo.cs(286,44): warning CS8600: Converting null literal or possible null value to non-nullable type. [/tmp/gh-issue-solver-1758780000593/Bruteforce/Bruteforce.csproj]
/tmp/gh-issue-solver-1758780000593/Bruteforce/TorrentWrapper/TorrentInfo.cs(288,69): warning CS8604: Possible null reference argument for parameter 'md5Hash' in 'TorrentFileInfo.TorrentFileInfo(string filePath, string md5Hash, long length)'. [/tmp/gh-issue-solver-1758780000593/Bruteforce/Bruteforce.csproj]
/tmp/gh-issue-solver-1758780000593/Bruteforce/TorrentWrapper/TorrentInfo.cs(311,101): warning CS8600: Converting null literal or possible null value to non-nullable type. [/tmp/gh-issue-solver-1758780000593/Bruteforce/Bruteforce.csproj]
/tmp/gh-issue-solver-1758780000593/Bruteforce/TorrentWrapper/TorrentInfo.cs(322,102): warning CS8600: Converting null literal or possible null value to non-nullable type. [/tmp/gh-issue-solver-1758780000593/Bruteforce/Bruteforce.csproj]
/tmp/gh-issue-solver-1758780000593/Bruteforce/TorrentWrapper/TorrentInfo.cs(356,17): warning CS8604: Possible null reference argument for parameter 'comment' in 'TorrentInfo.TorrentInfo(string infoHash, long pieceLength, string[] piecesHashValues, bool isPrivate, IEnumerable<Uri> announceList, DateTime? creationDate, string comment, string createdBy, Encoding encoding, TorrentFileInfo[] files)'. [/tmp/gh-issue-solver-1758780000593/Bruteforce/Bruteforce.csproj]
/tmp/gh-issue-solver-1758780000593/Bruteforce/TorrentWrapper/TorrentInfo.cs(357,17): warning CS8604: Possible null reference argument for parameter 'createdBy' in 'TorrentInfo.TorrentInfo(string infoHash, long pieceLength, string[] piecesHashValues, bool isPrivate, IEnumerable<Uri> announceList, DateTime? creationDate, string comment, string createdBy, Encoding encoding, TorrentFileInfo[] files)'. [/tmp/gh-issue-solver-1758780000593/Bruteforce/Bruteforce.csproj]
/tmp/gh-issue-solver-1758780000593/Bruteforce/TorrentWrapper/PersistenceManager.cs(364,39): warning CS8604: Possible null reference argument for parameter 'path' in 'DirectoryInfo Directory.CreateDirectory(string path)'. [/tmp/gh-issue-solver-1758780000593/Bruteforce/Bruteforce.csproj]
/tmp/gh-issue-solver-1758780000593/Bruteforce/TorrentWrapper/BEncoding/BEncodedValue.cs(17,31): warning CS8600: Converting null literal or possible null value to non-nullable type. [/tmp/gh-issue-solver-1758780000593/Bruteforce/Bruteforce.csproj]
/tmp/gh-issue-solver-1758780000593/Bruteforce/TorrentWrapper/BEncoding/BEncodedValue.cs(40,31): warning CS8600: Converting null literal or possible null value to non-nullable type. [/tmp/gh-issue-solver-1758780000593/Bruteforce/Bruteforce.csproj]
/tmp/gh-issue-solver-1758780000593/Bruteforce/TorrentWrapper/BEncoding/BEncodedString.cs(186,19): warning CS8604: Possible null reference argument for parameter 'other' in 'int BEncodedString.CompareTo(BEncodedString other)'. [/tmp/gh-issue-solver-1758780000593/Bruteforce/Bruteforce.csproj]
  Bruteforce -> /tmp/gh-issue-solver-1758780000593/Bruteforce/bin/Release/net8.0/Bruteforce.dll

Build succeeded.

/tmp/gh-issue-solver-1758780000593/Bruteforce/TorrentWrapper/BEncoding/BEncodedList.cs(200,26): warning CS8765: Nullability of type of parameter 'obj' doesn't match overridden member (possibly because of nullability attributes). [/tmp/gh-issue-solver-1758780000593/Bruteforce/Bruteforce.csproj]
/tmp/gh-issue-solver-1758780000593/Bruteforce/TorrentWrapper/BEncoding/BEncodedNumber.cs(171,26): warning CS8765: Nullability of type of parameter 'obj' doesn't match overridden member (possibly because of nullability attributes). [/tmp/gh-issue-solver-1758780000593/Bruteforce/Bruteforce.csproj]
/tmp/gh-issue-solver-1758780000593/Bruteforce/TorrentWrapper/BEncoding/BEncodedNumber.cs(55,16): warning CS8767: Nullability of reference types in type of parameter 'other' of 'int BEncodedNumber.CompareTo(BEncodedNumber other)' doesn't match implicitly implemented member 'int IComparable<BEncodedNumber>.CompareTo(BEncodedNumber? other)' (possibly because of nullability attributes). [/tmp/gh-issue-solver-1758780000593/Bruteforce/Bruteforce.csproj]
/tmp/gh-issue-solver-1758780000593/Bruteforce/TorrentWrapper/BEncoding/BEncodedString.cs(215,26): warning CS8765: Nullability of type of parameter 'obj' doesn't match overridden member (possibly because of nullability attributes). [/tmp/gh-issue-solver-1758780000593/Bruteforce/Bruteforce.csproj]
/tmp/gh-issue-solver-1758780000593/Bruteforce/TorrentWrapper/BEncoding/BEncodedString.cs(90,16): warning CS8767: Nullability of reference types in type of parameter 'other' of 'int BEncodedString.CompareTo(BEncodedString other)' doesn't match implicitly implemented member 'int IComparable<BEncodedString>.CompareTo(BEncodedString? other)' (possibly because of nullability attributes). [/tmp/gh-issue-solver-1758780000593/Bruteforce/Bruteforce.csproj]
/tmp/gh-issue-solver-1758780000593/Bruteforce/TorrentWrapper/TorrentInfo.cs(168,26): warning CS8600: Converting null literal or possible null value to non-nullable type. [/tmp/gh-issue-solver-1758780000593/Bruteforce/Bruteforce.csproj]
/tmp/gh-issue-solver-1758780000593/Bruteforce/TorrentWrapper/TorrentInfo.cs(169,28): warning CS8600: Converting null literal or possible null value to non-nullable type. [/tmp/gh-issue-solver-1758780000593/Bruteforce/Bruteforce.csproj]
/tmp/gh-issue-solver-1758780000593/Bruteforce/TorrentWrapper/TorrentInfo.cs(191,23): warning CS8625: Cannot convert null literal to non-nullable reference type. [/tmp/gh-issue-solver-1758780000593/Bruteforce/Bruteforce.csproj]
/tmp/gh-issue-solver-1758780000593/Bruteforce/TorrentWrapper/TorrentInfo.cs(204,23): warning CS8600: Converting null literal or possible null value to non-nullable type. [/tmp/gh-issue-solver-1758780000593/Bruteforce/Bruteforce.csproj]
/tmp/gh-issue-solver-1758780000593/Bruteforce/TorrentWrapper/TorrentInfo.cs(206,17): warning CS8602: Dereference of a possibly null reference. [/tmp/gh-issue-solver-1758780000593/Bruteforce/Bruteforce.csproj]
/tmp/gh-issue-solver-1758780000593/Bruteforce/TorrentWrapper/TorrentInfo.cs(209,24): warning CS8600: Converting null literal or possible null value to non-nullable type. [/tmp/gh-issue-solver-1758780000593/Bruteforce/Bruteforce.csproj]
/tmp/gh-issue-solver-1758780000593/Bruteforce/TorrentWrapper/TorrentInfo.cs(212,21): warning CS8602: Dereference of a possibly null reference. [/tmp/gh-issue-solver-1758780000593/Bruteforce/Bruteforce.csproj]
/tmp/gh-issue-solver-1758780000593/Bruteforce/TorrentWrapper/TorrentInfo.cs(259,36): warning CS8600: Converting null literal or possible null value to non-nullable type. [/tmp/gh-issue-solver-1758780000593/Bruteforce/Bruteforce.csproj]
/tmp/gh-issue-solver-1758780000593/Bruteforce/TorrentWrapper/TorrentInfo.cs(261,61): warning CS8604: Possible null reference argument for parameter 'md5Hash' in 'TorrentFileInfo.TorrentFileInfo(string filePath, string md5Hash, long length)'. [/tmp/gh-issue-solver-1758780000593/Bruteforce/Bruteforce.csproj]
/tmp/gh-issue-solver-1758780000593/Bruteforce/TorrentWrapper/TorrentInfo.cs(286,44): warning CS8600: Converting null literal or possible null value to non-nullable type. [/tmp/gh-issue-solver-1758780000593/Bruteforce/Bruteforce.csproj]
/tmp/gh-issue-solver-1758780000593/Bruteforce/TorrentWrapper/TorrentInfo.cs(288,69): warning CS8604: Possible null reference argument for parameter 'md5Hash' in 'TorrentFileInfo.TorrentFileInfo(string filePath, string md5Hash, long length)'. [/tmp/gh-issue-solver-1758780000593/Bruteforce/Bruteforce.csproj]
/tmp/gh-issue-solver-1758780000593/Bruteforce/TorrentWrapper/TorrentInfo.cs(311,101): warning CS8600: Converting null literal or possible null value to non-nullable type. [/tmp/gh-issue-solver-1758780000593/Bruteforce/Bruteforce.csproj]
/tmp/gh-issue-solver-1758780000593/Bruteforce/TorrentWrapper/TorrentInfo.cs(322,102): warning CS8600: Converting null literal or possible null value to non-nullable type. [/tmp/gh-issue-solver-1758780000593/Bruteforce/Bruteforce.csproj]
/tmp/gh-issue-solver-1758780000593/Bruteforce/TorrentWrapper/TorrentInfo.cs(356,17): warning CS8604: Possible null reference argument for parameter 'comment' in 'TorrentInfo.TorrentInfo(string infoHash, long pieceLength, string[] piecesHashValues, bool isPrivate, IEnumerable<Uri> announceList, DateTime? creationDate, string comment, string createdBy, Encoding encoding, TorrentFileInfo[] files)'. [/tmp/gh-issue-solver-1758780000593/Bruteforce/Bruteforce.csproj]
/tmp/gh-issue-solver-1758780000593/Bruteforce/TorrentWrapper/TorrentInfo.cs(357,17): warning CS8604: Possible null reference argument for parameter 'createdBy' in 'TorrentInfo.TorrentInfo(string infoHash, long pieceLength, string[] piecesHashValues, bool isPrivate, IEnumerable<Uri> announceList, DateTime? creationDate, string comment, string createdBy, Encoding encoding, TorrentFileInfo[] files)'. [/tmp/gh-issue-solver-1758780000593/Bruteforce/Bruteforce.csproj]
/tmp/gh-issue-solver-1758780000593/Bruteforce/TorrentWrapper/PersistenceManager.cs(364,39): warning CS8604: Possible null reference argument for parameter 'path' in 'DirectoryInfo Directory.CreateDirectory(string path)'. [/tmp/gh-issue-solver-1758780000593/Bruteforce/Bruteforce.csproj]
/tmp/gh-issue-solver-1758780000593/Bruteforce/TorrentWrapper/BEncoding/BEncodedValue.cs(17,31): warning CS8600: Converting null literal or possible null value to non-nullable type. [/tmp/gh-issue-solver-1758780000593/Bruteforce/Bruteforce.csproj]
/tmp/gh-issue-solver-1758780000593/Bruteforce/TorrentWrapper/BEncoding/BEncodedValue.cs(40,31): warning CS8600: Converting null literal or possible null value to non-nullable type. [/tmp/gh-issue-solver-1758780000593/Bruteforce/Bruteforce.csproj]
/tmp/gh-issue-solver-1758780000593/Bruteforce/TorrentWrapper/BEncoding/BEncodedString.cs(186,19): warning CS8604: Possible null reference argument for parameter 'other' in 'int BEncodedString.CompareTo(BEncodedString other)'. [/tmp/gh-issue-solver-1758780000593/Bruteforce/Bruteforce.csproj]
    24 Warning(s)
    0 Error(s)

Time Elapsed 00:00:18.60
